sdk/build/intermediates/proguard-rules/release/aapt_rules.txt
# view AndroidManifest.xml #generated:30
-keep class com.nestlabs.sdk.NestAuthActivity { <init>(...); }