sdk/build/outputs/mapping/release/usage.txt
com.nestlabs.sdk.AuthStateListener
com.nestlabs.sdk.BuildConfig
com.nestlabs.sdk.Callback
com.nestlabs.sdk.Camera
com.nestlabs.sdk.Camera$1
com.nestlabs.sdk.Camera$ActivityZone
com.nestlabs.sdk.Camera$ActivityZone$1
com.nestlabs.sdk.Camera$LastEvent
com.nestlabs.sdk.Camera$LastEvent$1
com.nestlabs.sdk.CameraSetter
com.nestlabs.sdk.CameraValueListener
com.nestlabs.sdk.Device
com.nestlabs.sdk.Device$1
com.nestlabs.sdk.DeviceUpdate
com.nestlabs.sdk.DeviceValueListener
com.nestlabs.sdk.GlobalUpdate
com.nestlabs.sdk.GlobalValueListener
com.nestlabs.sdk.Metadata
com.nestlabs.sdk.Metadata$1
com.nestlabs.sdk.MetadataValueListener
com.nestlabs.sdk.NestAPI:
    private static final java.lang.String BASE_AUTHORIZATION_URL
    private static final java.lang.String REVOKE_TOKEN_PATH
    private static final java.lang.String NEST_FIREBASE_URL
    private static final java.lang.String KEY_CLIENT_METADATA
    private static final java.lang.String KEY_ACCESS_TOKEN
    static final java.lang.String CLIENT_CODE_URL
    static final java.lang.String KEY_DEVICES
    static final java.lang.String KEY_METADATA
    static final java.lang.String KEY_THERMOSTATS
    static final java.lang.String KEY_SMOKE_CO_ALARMS
    static final java.lang.String KEY_CAMERAS
    static final java.lang.String KEY_STRUCTURES
    private static com.nestlabs.sdk.NestAPI sInstance
    private final java.util.Map mListenerMap
    private final okhttp3.OkHttpClient mHttpClient
    private final com.firebase.client.Firebase mFirebaseRef
    private com.nestlabs.sdk.NestConfig mNestConfig
    private com.firebase.client.Firebase$AuthStateListener mAuthStateListener
    private com.nestlabs.sdk.NestListener$AuthListener mAuthListener
    public final com.nestlabs.sdk.ThermostatSetter thermostats
    public final com.nestlabs.sdk.StructureSetter structures
    public final com.nestlabs.sdk.CameraSetter cameras
    86:98:private NestAPI()
    108:109:public static void setAndroidContext(android.content.Context)
    117:121:public static com.nestlabs.sdk.NestAPI getInstance()
com.nestlabs.sdk.NestAPI$1
com.nestlabs.sdk.NestAuthActivity:
    private static final java.lang.String TAG
    private static final java.lang.String KEY_CLIENT_METADATA
    private static final java.lang.String KEY_ACCESS_TOKEN
    private static final java.lang.String QUERY_PARAM_CODE
    private static final int MAX_PROGRESS
com.nestlabs.sdk.NestCompletionListener
com.nestlabs.sdk.NestConfig:
    public static final java.lang.String KEY_CLIENT_ID
    public static final java.lang.String KEY_CLIENT_SECRET
    public static final java.lang.String KEY_REDIRECT_URL
    public static final java.lang.String KEY_STATE_VALUE
    42:47:private NestConfig(com.nestlabs.sdk.NestConfig$Builder)
    31:31:synthetic NestConfig(com.nestlabs.sdk.NestConfig$Builder,com.nestlabs.sdk.NestConfig$1)
com.nestlabs.sdk.NestConfig$Builder
com.nestlabs.sdk.NestException
com.nestlabs.sdk.NestFirebaseAuthListener
com.nestlabs.sdk.NestListener
com.nestlabs.sdk.NestListener$AuthListener
com.nestlabs.sdk.NestListener$CameraListener
com.nestlabs.sdk.NestListener$DeviceListener
com.nestlabs.sdk.NestListener$GlobalListener
com.nestlabs.sdk.NestListener$MetadataListener
com.nestlabs.sdk.NestListener$SmokeCOAlarmListener
com.nestlabs.sdk.NestListener$StructureListener
com.nestlabs.sdk.NestListener$ThermostatListener
com.nestlabs.sdk.NestToken:
    static final java.lang.String KEY_TOKEN
    static final java.lang.String KEY_EXPIRES_IN_SECS
    47:50:public NestToken(java.lang.String,long)
    64:64:public java.lang.String getToken()
    73:73:public long getExpiresIn()
com.nestlabs.sdk.SmokeCOAlarm
com.nestlabs.sdk.SmokeCOAlarm$1
com.nestlabs.sdk.SmokeCOAlarmValueListener
com.nestlabs.sdk.Structure
com.nestlabs.sdk.Structure$1
com.nestlabs.sdk.Structure$ETA
com.nestlabs.sdk.Structure$ETA$1
com.nestlabs.sdk.Structure$Where
com.nestlabs.sdk.Structure$Where$1
com.nestlabs.sdk.StructureSetter
com.nestlabs.sdk.StructureValueListener